<?xml version="1.0" encoding="UTF-8"?>
<!-- Generated by org.testng.reporters.JUnitXMLReporter -->
<testsuite ignored="0" hostname="LAPTOP-MHEOBBIP" failures="1" tests="1" name="Test" time="7.475" errors="0" timestamp="2022-04-28T22:27:13 IST">
  <testcase classname="io.cucumber.testng.AbstractTestNGCucumberTests" name="runScenario" time="7.24">
    <failure type="java.lang.NullPointerException" message="Cannot invoke &amp;quot;org.openqa.selenium.WebDriver.navigate()&amp;quot; because &amp;quot;this.driver&amp;quot; is null">
      <![CDATA[java.lang.NullPointerException: Cannot invoke "org.openqa.selenium.WebDriver.navigate()" because "this.driver" is null
at stepdefinition.DunzoHomepage.i_have_navigated_to_dunzo_website_at_https_www_dunzo_com(DunzoHomepage.java:30)
at ✽.I have navigated to dunzo website at "https://www.dunzo.com/"(file:///C:/Vrushali/NewAutomation/vrushali/src/test/java/features/DunzoTests.feature:25)
]]>
    </failure>
  </testcase> <!-- runScenario -->
</testsuite> <!-- Test -->
